<?xml version="1.0" encoding="UTF-8"?>
<testng-results ignored="0" total="1" passed="1" failed="0" skipped="0">
  <reporter-output>
  </reporter-output>
  <suite started-at="2022-11-01T16:45:43 GMT-04:00" name="Default suite" finished-at="2022-11-01T16:45:45 GMT-04:00" duration-ms="2154">
    <groups>
    </groups>
    <test started-at="2022-11-01T16:45:43 GMT-04:00" name="Default test" finished-at="2022-11-01T16:45:45 GMT-04:00" duration-ms="2154">
      <class name="test.Task2google">
        <test-method signature="test1()[pri:0, instance:test.Task2google@696da30b]" started-at="2022-11-01T16:45:43 GMT-04:00" name="test1" finished-at="2022-11-01T16:45:45 GMT-04:00" duration-ms="2112" status="PASS">
          <reporter-output>
          </reporter-output>
        </test-method> <!-- test1 -->
      </class> <!-- test.Task2google -->
    </test> <!-- Default test -->
  </suite> <!-- Default suite -->
</testng-results>
